npm warn exec The following package was not found and will be installed: serve@14.2.5
 INFO  Accepting connections at http://localhost:3000
 HTTP  2/9/2026 5:36:32 AM ::1 GET /mediators
 HTTP  2/9/2026 5:36:32 AM ::1 Returned 200 in 311 ms
 HTTP  2/9/2026 5:36:33 AM ::1 GET /static/js/main.96ba5f71.js
 HTTP  2/9/2026 5:36:33 AM ::1 GET /static/css/main.ee86bf40.css
 HTTP  2/9/2026 5:36:33 AM ::1 Returned 200 in 5 ms
 HTTP  2/9/2026 5:36:33 AM ::1 Returned 200 in 6 ms
 HTTP  2/9/2026 5:36:33 AM ::1 GET /static/js/709.961932ce.chunk.js
 HTTP  2/9/2026 5:36:33 AM ::1 GET /static/js/923.5196f2a3.chunk.js
 HTTP  2/9/2026 5:36:33 AM ::1 Returned 200 in 3 ms
 HTTP  2/9/2026 5:36:33 AM ::1 Returned 200 in 3 ms
 HTTP  2/9/2026 5:36:33 AM ::1 GET /resources
 HTTP  2/9/2026 5:36:33 AM ::1 Returned 200 in 2 ms
 HTTP  2/9/2026 5:36:33 AM ::1 GET /static/css/main.ee86bf40.css
 HTTP  2/9/2026 5:36:33 AM ::1 GET /static/js/main.96ba5f71.js
 HTTP  2/9/2026 5:36:33 AM ::1 Returned 304 in 1 ms
 HTTP  2/9/2026 5:36:33 AM ::1 Returned 304 in 2 ms
 HTTP  2/9/2026 5:36:33 AM ::1 GET /static/js/709.961932ce.chunk.js
 HTTP  2/9/2026 5:36:33 AM ::1 GET /static/js/612.1dbd68f5.chunk.js
 HTTP  2/9/2026 5:36:33 AM ::1 Returned 304 in 3 ms
 HTTP  2/9/2026 5:36:33 AM ::1 Returned 200 in 4 ms
 HTTP  2/9/2026 5:36:34 AM ::1 GET /contact
 HTTP  2/9/2026 5:36:34 AM ::1 Returned 200 in 2 ms
 HTTP  2/9/2026 5:36:34 AM ::1 GET /static/css/main.ee86bf40.css
 HTTP  2/9/2026 5:36:34 AM ::1 GET /static/js/main.96ba5f71.js
 HTTP  2/9/2026 5:36:34 AM ::1 Returned 304 in 1 ms
 HTTP  2/9/2026 5:36:34 AM ::1 Returned 304 in 1 ms
 HTTP  2/9/2026 5:36:34 AM ::1 GET /static/js/709.961932ce.chunk.js
 HTTP  2/9/2026 5:36:34 AM ::1 GET /static/js/317.16bfeb40.chunk.js
 HTTP  2/9/2026 5:36:34 AM ::1 Returned 304 in 1 ms
 HTTP  2/9/2026 5:36:34 AM ::1 Returned 200 in 3 ms

 INFO  Gracefully shutting down. Please wait...
